M:\PROJECTS\HUMPBACK WHALE\CHARACTER_ANIMATION\CHARACTER_ANIMATION_V0_01.EXE
M:\PROJECTS\HUMPBACK WHALE\CHARACTER_ANIMATION\CHARACTER_ANIMATION_V0_01.PDB
M:\PROJECTS\HUMPBACK WHALE\CHARACTER_ANIMATION\CHARACTER_ANIMATION_V0_01\DEBUG\APPLICATION.OBJ
M:\PROJECTS\HUMPBACK WHALE\CHARACTER_ANIMATION\CHARACTER_ANIMATION_V0_01\DEBUG\ARCBALL.OBJ
M:\PROJECTS\HUMPBACK WHALE\CHARACTER_ANIMATION\CHARACTER_ANIMATION_V0_01\DEBUG\CHARACTER_ANIMATION_V0_01.EXE.INTERMEDIATE.MANIFEST
M:\PROJECTS\HUMPBACK WHALE\CHARACTER_ANIMATION\CHARACTER_ANIMATION_V0_01\DEBUG\CHARACTER_ANIMATION_V0_01.RES
M:\Projects\Humpback Whale\Character_Animation\Character_Animation_v0_01\Debug\cl.command.1.tlog
M:\Projects\Humpback Whale\Character_Animation\Character_Animation_v0_01\Debug\CL.read.1.tlog
M:\Projects\Humpback Whale\Character_Animation\Character_Animation_v0_01\Debug\CL.write.1.tlog
M:\Projects\Humpback Whale\Character_Animation\Character_Animation_v0_01\Debug\custombuild.command.1.tlog
M:\Projects\Humpback Whale\Character_Animation\Character_Animation_v0_01\Debug\custombuild.read.1.tlog
M:\Projects\Humpback Whale\Character_Animation\Character_Animation_v0_01\Debug\custombuild.write.1.tlog
M:\PROJECTS\HUMPBACK WHALE\CHARACTER_ANIMATION\CHARACTER_ANIMATION_V0_01\DEBUG\D3DRENDERER.OBJ
M:\PROJECTS\HUMPBACK WHALE\CHARACTER_ANIMATION\CHARACTER_ANIMATION_V0_01\DEBUG\GENERAL_ARCBALL.OBJ
M:\Projects\Humpback Whale\Character_Animation\Character_Animation_v0_01\Debug\link.command.1.tlog
M:\Projects\Humpback Whale\Character_Animation\Character_Animation_v0_01\Debug\link.read.1.tlog
M:\Projects\Humpback Whale\Character_Animation\Character_Animation_v0_01\Debug\link.read.2.tlog
M:\Projects\Humpback Whale\Character_Animation\Character_Animation_v0_01\Debug\link.write.1.tlog
M:\Projects\Humpback Whale\Character_Animation\Character_Animation_v0_01\Debug\link-cvtres.read.1.tlog
M:\Projects\Humpback Whale\Character_Animation\Character_Animation_v0_01\Debug\link-cvtres.write.1.tlog
M:\PROJECTS\HUMPBACK WHALE\CHARACTER_ANIMATION\CHARACTER_ANIMATION_V0_01\DEBUG\MAIN.OBJ
M:\PROJECTS\HUMPBACK WHALE\CHARACTER_ANIMATION\CHARACTER_ANIMATION_V0_01\DEBUG\MAINWIDGET.OBJ
M:\PROJECTS\HUMPBACK WHALE\CHARACTER_ANIMATION\CHARACTER_ANIMATION_V0_01\DEBUG\MESH.OBJ
M:\PROJECTS\HUMPBACK WHALE\CHARACTER_ANIMATION\CHARACTER_ANIMATION_V0_01\DEBUG\MOC_APPLICATION.OBJ
M:\PROJECTS\HUMPBACK WHALE\CHARACTER_ANIMATION\CHARACTER_ANIMATION_V0_01\DEBUG\MOC_MAINWIDGET.OBJ
M:\Projects\Humpback Whale\Character_Animation\Character_Animation_v0_01\Debug\mt.command.1.tlog
M:\Projects\Humpback Whale\Character_Animation\Character_Animation_v0_01\Debug\mt.read.1.tlog
M:\Projects\Humpback Whale\Character_Animation\Character_Animation_v0_01\Debug\mt.write.1.tlog
M:\PROJECTS\HUMPBACK WHALE\CHARACTER_ANIMATION\CHARACTER_ANIMATION_V0_01\DEBUG\QRC_APPLICATION.OBJ
M:\Projects\Humpback Whale\Character_Animation\Character_Animation_v0_01\Debug\rc.command.1.tlog
M:\Projects\Humpback Whale\Character_Animation\Character_Animation_v0_01\Debug\rc.read.1.tlog
M:\Projects\Humpback Whale\Character_Animation\Character_Animation_v0_01\Debug\rc.write.1.tlog
M:\PROJECTS\HUMPBACK WHALE\CHARACTER_ANIMATION\CHARACTER_ANIMATION_V0_01\DEBUG\VC100.PDB
M:\PROJECTS\HUMPBACK WHALE\CHARACTER_ANIMATION\CHARACTER_ANIMATION_V0_01\GENERATEDFILES\DEBUG\MOC_APPLICATION.CPP
M:\PROJECTS\HUMPBACK WHALE\CHARACTER_ANIMATION\CHARACTER_ANIMATION_V0_01\GENERATEDFILES\DEBUG\MOC_MAINWIDGET.CPP
M:\PROJECTS\HUMPBACK WHALE\CHARACTER_ANIMATION\CHARACTER_ANIMATION_V0_01\GENERATEDFILES\QRC_APPLICATION.CPP
M:\PROJECTS\HUMPBACK WHALE\CHARACTER_ANIMATION\CHARACTER_ANIMATION_V0_01\GENERATEDFILES\UI_APPLICATION.H
